"Deploying ASA: minimumASA1":
    asset-index: 138
    confirmed-round: 25167
    pool-error: ""
    txn:
        sig:
            type: Buffer
            data:
                - 41
                - 127
                - 241
                - 36
                - 183
                - 130
                - 243
                - 105
                - 51
                - 127
                - 99
                - 119
                - 91
                - 88
                - 164
                - 242
                - 100
                - 56
                - 119
                - 245
                - 166
                - 168
                - 49
                - 168
                - 180
                - 195
                - 76
                - 70
                - 147
                - 146
                - 215
                - 44
                - 25
                - 84
                - 229
                - 236
                - 97
                - 235
                - 137
                - 25
                - 121
                - 189
                - 56
                - 68
                - 49
                - 204
                - 44
                - 172
                - 115
                - 141
                - 22
                - 151
                - 133
                - 168
                - 151
                - 212
                - 55
                - 167
                - 106
                - 142
                - 221
                - 96
                - 205
                - 8
        txn:
            apar:
                an: minimumASA1
                t: 1
                un: unitName
            fee: 2290
            fv: 25165
            gen: sandnet-v1
            gh:
                type: Buffer
                data:
                    - 132
                    - 127
                    - 49
                    - 5
                    - 150
                    - 97
                    - 33
                    - 33
                    - 148
                    - 217
                    - 185
                    - 135
                    - 31
                    - 96
                    - 92
                    - 87
                    - 199
                    - 78
                    - 22
                    - 66
                    - 102
                    - 170
                    - 212
                    - 132
                    - 173
                    - 74
                    - 43
                    - 149
                    - 2
                    - 58
                    - 95
                    - 0
            lv: 26165
            snd:
                type: Buffer
                data:
                    - 47
                    - 60
                    - 151
                    - 13
                    - 167
                    - 226
                    - 145
                    - 35
                    - 192
                    - 50
                    - 35
                    - 222
                    - 86
                    - 226
                    - 168
                    - 216
                    - 135
                    - 162
                    - 66
                    - 135
                    - 209
                    - 30
                    - 137
                    - 155
                    - 208
                    - 34
                    - 223
                    - 95
                    - 228
                    - 241
                    - 227
                    - 174
            type: acfg
