"Deploying ASA: minimumASA":
    asset-index: 137
    confirmed-round: 25165
    pool-error: ""
    sender-rewards: 611007492693
    txn:
        sig:
            type: Buffer
            data:
                - 241
                - 0
                - 155
                - 133
                - 112
                - 17
                - 212
                - 161
                - 25
                - 141
                - 202
                - 44
                - 134
                - 2
                - 13
                - 23
                - 60
                - 151
                - 149
                - 85
                - 32
                - 193
                - 126
                - 90
                - 189
                - 97
                - 68
                - 212
                - 60
                - 134
                - 180
                - 195
                - 82
                - 145
                - 126
                - 218
                - 67
                - 193
                - 184
                - 226
                - 179
                - 173
                - 66
                - 152
                - 59
                - 199
                - 65
                - 222
                - 221
                - 85
                - 32
                - 106
                - 48
                - 226
                - 45
                - 2
                - 230
                - 74
                - 106
                - 37
                - 16
                - 202
                - 220
                - 6
        txn:
            apar:
                an: minimumASA
                t: 1
                un: unitName
            fee: 230000
            fv: 25163
            gen: sandnet-v1
            gh:
                type: Buffer
                data:
                    - 132
                    - 127
                    - 49
                    - 5
                    - 150
                    - 97
                    - 33
                    - 33
                    - 148
                    - 217
                    - 185
                    - 135
                    - 31
                    - 96
                    - 92
                    - 87
                    - 199
                    - 78
                    - 22
                    - 66
                    - 102
                    - 170
                    - 212
                    - 132
                    - 173
                    - 74
                    - 43
                    - 149
                    - 2
                    - 58
                    - 95
                    - 0
            lv: 26163
            snd:
                type: Buffer
                data:
                    - 47
                    - 60
                    - 151
                    - 13
                    - 167
                    - 226
                    - 145
                    - 35
                    - 192
                    - 50
                    - 35
                    - 222
                    - 86
                    - 226
                    - 168
                    - 216
                    - 135
                    - 162
                    - 66
                    - 135
                    - 209
                    - 30
                    - 137
                    - 155
                    - 208
                    - 34
                    - 223
                    - 95
                    - 228
                    - 241
                    - 227
                    - 174
            type: acfg
