"Deploying ASA: allFieldASA":
    asset-index: 139
    confirmed-round: 25169
    pool-error: ""
    txn:
        sig:
            type: Buffer
            data:
                - 194
                - 154
                - 87
                - 103
                - 95
                - 164
                - 238
                - 60
                - 86
                - 198
                - 54
                - 248
                - 171
                - 172
                - 62
                - 205
                - 172
                - 227
                - 39
                - 10
                - 184
                - 199
                - 20
                - 181
                - 98
                - 5
                - 112
                - 65
                - 20
                - 66
                - 55
                - 249
                - 19
                - 201
                - 207
                - 235
                - 175
                - 199
                - 248
                - 59
                - 209
                - 188
                - 140
                - 44
                - 58
                - 146
                - 216
                - 37
                - 143
                - 183
                - 15
                - 44
                - 199
                - 186
                - 192
                - 80
                - 185
                - 153
                - 246
                - 160
                - 60
                - 55
                - 36
                - 5
        txn:
            apar:
                am:
                    type: Buffer
                    data:
                        - 49
                        - 50
                        - 51
                        - 49
                        - 50
                        - 52
                        - 52
                        - 50
                        - 49
                        - 52
                        - 50
                        - 49
                        - 52
                        - 49
                        - 50
                        - 52
                        - 49
                        - 50
                        - 52
                        - 52
                        - 52
                        - 52
                        - 52
                        - 52
                        - 49
                        - 49
                        - 49
                        - 49
                        - 49
                        - 49
                        - 51
                        - 51
                an: allFieldASA
                au: url
                c:
                    type: Buffer
                    data:
                        - 181
                        - 176
                        - 219
                        - 238
                        - 106
                        - 134
                        - 42
                        - 72
                        - 146
                        - 178
                        - 183
                        - 161
                        - 7
                        - 238
                        - 87
                        - 145
                        - 92
                        - 34
                        - 110
                        - 74
                        - 164
                        - 136
                        - 138
                        - 167
                        - 248
                        - 1
                        - 168
                        - 242
                        - 0
                        - 77
                        - 71
                        - 104
                df: true
                f:
                    type: Buffer
                    data:
                        - 181
                        - 176
                        - 219
                        - 238
                        - 106
                        - 134
                        - 42
                        - 72
                        - 146
                        - 178
                        - 183
                        - 161
                        - 7
                        - 238
                        - 87
                        - 145
                        - 92
                        - 34
                        - 110
                        - 74
                        - 164
                        - 136
                        - 138
                        - 167
                        - 248
                        - 1
                        - 168
                        - 242
                        - 0
                        - 77
                        - 71
                        - 104
                m:
                    type: Buffer
                    data:
                        - 181
                        - 176
                        - 219
                        - 238
                        - 106
                        - 134
                        - 42
                        - 72
                        - 146
                        - 178
                        - 183
                        - 161
                        - 7
                        - 238
                        - 87
                        - 145
                        - 92
                        - 34
                        - 110
                        - 74
                        - 164
                        - 136
                        - 138
                        - 167
                        - 248
                        - 1
                        - 168
                        - 242
                        - 0
                        - 77
                        - 71
                        - 104
                r:
                    type: Buffer
                    data:
                        - 181
                        - 176
                        - 219
                        - 238
                        - 106
                        - 134
                        - 42
                        - 72
                        - 146
                        - 178
                        - 183
                        - 161
                        - 7
                        - 238
                        - 87
                        - 145
                        - 92
                        - 34
                        - 110
                        - 74
                        - 164
                        - 136
                        - 138
                        - 167
                        - 248
                        - 1
                        - 168
                        - 242
                        - 0
                        - 77
                        - 71
                        - 104
                t: 1
                un: unitName
            fee: 4350
            fv: 25167
            gen: sandnet-v1
            gh:
                type: Buffer
                data:
                    - 132
                    - 127
                    - 49
                    - 5
                    - 150
                    - 97
                    - 33
                    - 33
                    - 148
                    - 217
                    - 185
                    - 135
                    - 31
                    - 96
                    - 92
                    - 87
                    - 199
                    - 78
                    - 22
                    - 66
                    - 102
                    - 170
                    - 212
                    - 132
                    - 173
                    - 74
                    - 43
                    - 149
                    - 2
                    - 58
                    - 95
                    - 0
            lv: 26167
            note:
                type: Buffer
                data:
                    - 110
                    - 111
                    - 116
                    - 101
                    - 98
                    - 54
                    - 52
            snd:
                type: Buffer
                data:
                    - 47
                    - 60
                    - 151
                    - 13
                    - 167
                    - 226
                    - 145
                    - 35
                    - 192
                    - 50
                    - 35
                    - 222
                    - 86
                    - 226
                    - 168
                    - 216
                    - 135
                    - 162
                    - 66
                    - 135
                    - 209
                    - 30
                    - 137
                    - 155
                    - 208
                    - 34
                    - 223
                    - 95
                    - 228
                    - 241
                    - 227
                    - 174
            type: acfg
