"Funding Contract: II75XSDNKLRIZ2SNP3S6CAWI7CO2GNB4HSWFRUNL67UUIQ6PPZ3TOSG3BE\nLsig: fee-check.teal":
    confirmed-round: 25171
    pool-error: ""
    txn:
        sig:
            type: Buffer
            data:
                - 48
                - 180
                - 146
                - 105
                - 137
                - 195
                - 45
                - 3
                - 62
                - 239
                - 23
                - 89
                - 220
                - 10
                - 34
                - 200
                - 169
                - 222
                - 205
                - 248
                - 251
                - 53
                - 47
                - 43
                - 250
                - 246
                - 103
                - 114
                - 81
                - 18
                - 200
                - 133
                - 0
                - 84
                - 6
                - 83
                - 208
                - 246
                - 16
                - 5
                - 246
                - 251
                - 8
                - 212
                - 29
                - 31
                - 42
                - 206
                - 236
                - 140
                - 202
                - 83
                - 80
                - 129
                - 172
                - 180
                - 176
                - 120
                - 173
                - 134
                - 107
                - 97
                - 3
                - 8
        txn:
            amt: 20000000
            fee: 241000
            fv: 25169
            gen: sandnet-v1
            gh:
                type: Buffer
                data:
                    - 132
                    - 127
                    - 49
                    - 5
                    - 150
                    - 97
                    - 33
                    - 33
                    - 148
                    - 217
                    - 185
                    - 135
                    - 31
                    - 96
                    - 92
                    - 87
                    - 199
                    - 78
                    - 22
                    - 66
                    - 102
                    - 170
                    - 212
                    - 132
                    - 173
                    - 74
                    - 43
                    - 149
                    - 2
                    - 58
                    - 95
                    - 0
            lv: 26169
            rcv:
                type: Buffer
                data:
                    - 66
                    - 63
                    - 219
                    - 200
                    - 109
                    - 82
                    - 226
                    - 140
                    - 234
                    - 77
                    - 126
                    - 229
                    - 225
                    - 2
                    - 200
                    - 248
                    - 157
                    - 163
                    - 52
                    - 60
                    - 60
                    - 172
                    - 88
                    - 209
                    - 171
                    - 247
                    - 233
                    - 68
                    - 67
                    - 207
                    - 126
                    - 119
            snd:
                type: Buffer
                data:
                    - 47
                    - 60
                    - 151
                    - 13
                    - 167
                    - 226
                    - 145
                    - 35
                    - 192
                    - 50
                    - 35
                    - 222
                    - 86
                    - 226
                    - 168
                    - 216
                    - 135
                    - 162
                    - 66
                    - 135
                    - 209
                    - 30
                    - 137
                    - 155
                    - 208
                    - 34
                    - 223
                    - 95
                    - 228
                    - 241
                    - 227
                    - 174
            type: pay
