"Funding Contract: GN5VUIE4D7WCYFLZK5LPQCL4Z66Y2RIIVCUG3U7FK4W5TKQSLK2G7V6TGY\nLsig: escrow.py":
    confirmed-round: 25173
    pool-error: ""
    txn:
        sig:
            type: Buffer
            data:
                - 117
                - 40
                - 203
                - 84
                - 177
                - 20
                - 36
                - 162
                - 74
                - 228
                - 165
                - 180
                - 2
                - 54
                - 217
                - 73
                - 19
                - 250
                - 114
                - 137
                - 177
                - 30
                - 111
                - 186
                - 52
                - 247
                - 202
                - 76
                - 188
                - 100
                - 42
                - 105
                - 120
                - 96
                - 222
                - 249
                - 200
                - 163
                - 42
                - 167
                - 53
                - 42
                - 189
                - 106
                - 6
                - 154
                - 30
                - 77
                - 114
                - 246
                - 27
                - 41
                - 229
                - 85
                - 35
                - 245
                - 189
                - 74
                - 73
                - 183
                - 190
                - 106
                - 18
                - 6
        txn:
            amt: 20000000
            fee: 241000
            fv: 25171
            gen: sandnet-v1
            gh:
                type: Buffer
                data:
                    - 132
                    - 127
                    - 49
                    - 5
                    - 150
                    - 97
                    - 33
                    - 33
                    - 148
                    - 217
                    - 185
                    - 135
                    - 31
                    - 96
                    - 92
                    - 87
                    - 199
                    - 78
                    - 22
                    - 66
                    - 102
                    - 170
                    - 212
                    - 132
                    - 173
                    - 74
                    - 43
                    - 149
                    - 2
                    - 58
                    - 95
                    - 0
            lv: 26171
            rcv:
                type: Buffer
                data:
                    - 51
                    - 123
                    - 90
                    - 32
                    - 156
                    - 31
                    - 236
                    - 44
                    - 21
                    - 121
                    - 87
                    - 86
                    - 248
                    - 9
                    - 124
                    - 207
                    - 189
                    - 141
                    - 69
                    - 8
                    - 168
                    - 168
                    - 109
                    - 211
                    - 229
                    - 87
                    - 45
                    - 217
                    - 170
                    - 18
                    - 90
                    - 180
            snd:
                type: Buffer
                data:
                    - 47
                    - 60
                    - 151
                    - 13
                    - 167
                    - 226
                    - 145
                    - 35
                    - 192
                    - 50
                    - 35
                    - 222
                    - 86
                    - 226
                    - 168
                    - 216
                    - 135
                    - 162
                    - 66
                    - 135
                    - 209
                    - 30
                    - 137
                    - 155
                    - 208
                    - 34
                    - 223
                    - 95
                    - 228
                    - 241
                    - 227
                    - 174
            type: pay
